#
# There is insufficient memory for the Java Runtime Environment to continue.
# Native memory allocation (malloc) failed to allocate 32784 bytes for Chunk::new
# Possible reasons:
#   The system is out of physical RAM or swap space
#   In 32 bit mode, the process size limit was hit
# Possible solutions:
#   Reduce memory load on the system
#   Increase physical memory or swap space
#   Check if swap backing store is full
#   Use 64 bit Java on a 64 bit OS
#   Decrease Java heap size (-Xmx/-Xms)
#   Decrease number of Java threads
#   Decrease Java thread stack sizes (-Xss)
#   Set larger code cache with -XX:ReservedCodeCacheSize=
# This output file may be truncated or incomplete.
#
#  Out of Memory Error (allocation.cpp:390), pid=3616, tid=0x00000000000016cc
#
# JRE version: Java(TM) SE Runtime Environment (8.0_101-b13) (build 1.8.0_101-b13)
# Java VM: Java HotSpot(TM) 64-Bit Server VM (25.101-b13 mixed mode windows-amd64 compressed oops)
# Failed to write core dump. Minidumps are not enabled by default on client versions of Windows
#

---------------  T H R E A D  ---------------

Current thread (0x0000000054eba800):  JavaThread "C2 CompilerThread1" daemon [_thread_in_native, id=5836, stack(0x0000000056700000,0x0000000056800000)]

Stack: [0x0000000056700000,0x0000000056800000]
[error occurred during error reporting (printing stack bounds), id 0xc0000005]

Native frames: (J=compiled Java code, j=interpreted, Vv=VM code, C=native code)


Current CompileTask:
C2:  24999 1748       4       com.android.dx.rop.code.Rops::ropFor (771 bytes)


---------------  P R O C E S S  ---------------

Java Threads: ( => current thread )
  0x0000000056930800 JavaThread "Service Thread" daemon [_thread_blocked, id=5376, stack(0x0000000056410000,0x0000000056510000)]
  0x0000000054ebb800 JavaThread "C1 CompilerThread2" daemon [_thread_in_vm, id=5400, stack(0x0000000056830000,0x0000000056930000)]
=>0x0000000054eba800 JavaThread "C2 CompilerThread1" daemon [_thread_in_native, id=5836, stack(0x0000000056700000,0x0000000056800000)]
  0x0000000054eb8800 JavaThread "C2 CompilerThread0" daemon [_thread_in_native, id=5332, stack(0x0000000056590000,0x0000000056690000)]
  0x0000000054eb2000 JavaThread "Attach Listener" daemon [_thread_blocked, id=4868, stack(0x00000000561c0000,0x00000000562c0000)]
  0x0000000054eb1000 JavaThread "Signal Dispatcher" daemon [_thread_blocked, id=3716, stack(0x0000000056300000,0x0000000056400000)]
  0x0000000054e99800 JavaThread "Finalizer" daemon [_thread_blocked, id=1064, stack(0x0000000055ee0000,0x0000000055fe0000)]
  0x0000000054e52800 JavaThread "Reference Handler" daemon [_thread_blocked, id=316, stack(0x0000000056070000,0x0000000056170000)]
  0x0000000001f7e800 JavaThread "main" [_thread_in_native, id=1032, stack(0x0000000001fc0000,0x00000000020c0000)]

Other Threads:
  0x0000000054e4b000 VMThread [stack: 0x0000000055dd0000,0x0000000055ed0000] [id=5552]
  0x0000000056935800 WatcherThread [stack: 0x0000000011ce0000,0x0000000011de0000] [id=5924]

VM state:not at safepoint (normal execution)

VM Mutex/Monitor currently owned by a thread:  ([mutex/lock_event])
[0x0000000001f78eb0] CodeCache_lock - owner thread: 0x0000000054ebb800
[0x0000000001f7d470] Compile_lock - owner thread: 0x0000000054ebb800
[0x0000000001f7d570] MethodCompileQueue_lock - owner thread: 0x0000000054ebb800

Heap:
 PSYoungGen      total 35328K, used 23508K [0x00000000eab00000, 0x00000000ef000000, 0x0000000100000000)
  eden space 32768K, 64% used [0x00000000eab00000,0x00000000ebf7d200,0x00000000ecb00000)
  from space 2560K, 98% used [0x00000000ecb00000,0x00000000ecd78028,0x00000000ecd80000)
  to   space 2560K, 0% used [0x00000000eed80000,0x00000000eed80000,0x00000000ef000000)
 ParOldGen       total 44032K, used 7426K [0x00000000c0000000, 0x00000000c2b00000, 0x00000000eab00000)
  object space 44032K, 16% used [0x00000000c0000000,0x00000000c0740b78,0x00000000c2b00000)
 Metaspace       used 6166K, capacity 7152K, committed 7296K, reserved 1056768K
  class space    used 592K, capacity 616K, committed 640K, reserved 1048576K

Card table byte_map: [0x0000000011870000,0x0000000011a80000] byte_map_base: 0x0000000011270000

Marking Bits: (ParMarkBitMap*) 0x000000006281a6d0
 Begin Bits: [0x00000000122c0000, 0x00000000132c0000)
 End Bits:   [0x00000000132c0000, 0x00000000142c0000)

Polling page: 0x0000000000210000

CodeCache: size=245760Kb used=7636Kb max_used=7636Kb free=238123Kb
 bounds [0x00000000024b0000, 0x0000000002c30000, 0x00000000114b0000]
 total_blobs=2011 nmethods=1746 adapters=176
 compilation: enabled

Compilation events (10 events):
Event: 24.436 Thread 0x0000000054eb8800 nmethod 1749 0x0000000002c2b050 code [0x0000000002c2b220, 0x0000000002c2bde8]
Event: 24.437 Thread 0x0000000054eb8800 1751       4       com.android.dx.ssa.SsaConverter::placePhiFunctions (394 bytes)
Event: 24.855 Thread 0x0000000054ebb800 1757       3       com.android.dx.dex.file.ValueEncoder::addContents (75 bytes)
Event: 24.857 Thread 0x0000000054ebb800 nmethod 1757 0x0000000002c2cfd0 code [0x0000000002c2d280, 0x0000000002c2e898]
Event: 24.857 Thread 0x0000000054ebb800 1756       3       com.android.dx.dex.file.AnnotationSetItem::<init> (83 bytes)
Event: 24.859 Thread 0x0000000054ebb800 nmethod 1756 0x0000000002c28d50 code [0x0000000002c29000, 0x0000000002c2a408]
Event: 24.859 Thread 0x0000000054ebb800 1760       3       java.util.concurrent.locks.ReentrantLock$NonfairSync::tryAcquire (6 bytes)
Event: 24.859 Thread 0x0000000054ebb800 nmethod 1760 0x0000000002bf4990 code [0x0000000002bf4b00, 0x0000000002bf4d08]
Event: 24.859 Thread 0x0000000054ebb800 1755       3       java.util.Collections$UnmodifiableList::get (11 bytes)
Event: 24.859 Thread 0x0000000054ebb800 nmethod 1755 0x0000000002bd5310 code [0x0000000002bd5480, 0x0000000002bd56a8]

GC Heap History (6 events):
Event: 14.386 GC heap before
{Heap before GC invocations=1 (full 0):
 PSYoungGen      total 18944K, used 16384K [0x00000000eab00000, 0x00000000ec000000, 0x0000000100000000)
  eden space 16384K, 100% used [0x00000000eab00000,0x00000000ebb00000,0x00000000ebb00000)
  from space 2560K, 0% used [0x00000000ebd80000,0x00000000ebd80000,0x00000000ec000000)
  to   space 2560K, 0% used [0x00000000ebb00000,0x00000000ebb00000,0x00000000ebd80000)
 ParOldGen       total 44032K, used 0K [0x00000000c0000000, 0x00000000c2b00000, 0x00000000eab00000)
  object space 44032K, 0% used [0x00000000c0000000,0x00000000c0000000,0x00000000c2b00000)
 Metaspace       used 5530K, capacity 6640K, committed 6784K, reserved 1056768K
  class space    used 582K, capacity 616K, committed 640K, reserved 1048576K
Event: 14.891 GC heap after
Heap after GC invocations=1 (full 0):
 PSYoungGen      total 18944K, used 2549K [0x00000000eab00000, 0x00000000ed000000, 0x0000000100000000)
  eden space 16384K, 0% used [0x00000000eab00000,0x00000000eab00000,0x00000000ebb00000)
  from space 2560K, 99% used [0x00000000ebb00000,0x00000000ebd7d6e0,0x00000000ebd80000)
  to   space 2560K, 0% used [0x00000000ecd80000,0x00000000ecd80000,0x00000000ed000000)
 ParOldGen       total 44032K, used 919K [0x00000000c0000000, 0x00000000c2b00000, 0x00000000eab00000)
  object space 44032K, 2% used [0x00000000c0000000,0x00000000c00e5c38,0x00000000c2b00000)
 Metaspace       used 5530K, capacity 6640K, committed 6784K, reserved 1056768K
  class space    used 582K, capacity 616K, committed 640K, reserved 1048576K
}
Event: 16.600 GC heap before
{Heap before GC invocations=2 (full 0):
 PSYoungGen      total 18944K, used 18933K [0x00000000eab00000, 0x00000000ed000000, 0x0000000100000000)
  eden space 16384K, 100% used [0x00000000eab00000,0x00000000ebb00000,0x00000000ebb00000)
  from space 2560K, 99% used [0x00000000ebb00000,0x00000000ebd7d6e0,0x00000000ebd80000)
  to   space 2560K, 0% used [0x00000000ecd80000,0x00000000ecd80000,0x00000000ed000000)
 ParOldGen       total 44032K, used 919K [0x00000000c0000000, 0x00000000c2b00000, 0x00000000eab00000)
  object space 44032K, 2% used [0x00000000c0000000,0x00000000c00e5c38,0x00000000c2b00000)
 Metaspace       used 5847K, capacity 6896K, committed 7040K, reserved 1056768K
  class space    used 590K, capacity 616K, committed 640K, reserved 1048576K
Event: 16.609 GC heap after
Heap after GC invocations=2 (full 0):
 PSYoungGen      total 35328K, used 2554K [0x00000000eab00000, 0x00000000ed000000, 0x0000000100000000)
  eden space 32768K, 0% used [0x00000000eab00000,0x00000000eab00000,0x00000000ecb00000)
  from space 2560K, 99% used [0x00000000ecd80000,0x00000000ecffeaa8,0x00000000ed000000)
  to   space 2560K, 0% used [0x00000000ecb00000,0x00000000ecb00000,0x00000000ecd80000)
 ParOldGen       total 44032K, used 2665K [0x00000000c0000000, 0x00000000c2b00000, 0x00000000eab00000)
  object space 44032K, 6% used [0x00000000c0000000,0x00000000c029a5f0,0x00000000c2b00000)
 Metaspace       used 5847K, capacity 6896K, committed 7040K, reserved 1056768K
  class space    used 590K, capacity 616K, committed 640K, reserved 1048576K
}
Event: 18.689 GC heap before
{Heap before GC invocations=3 (full 0):
 PSYoungGen      total 35328K, used 35322K [0x00000000eab00000, 0x00000000ed000000, 0x0000000100000000)
  eden space 32768K, 100% used [0x00000000eab00000,0x00000000ecb00000,0x00000000ecb00000)
  from space 2560K, 99% used [0x00000000ecd80000,0x00000000ecffeaa8,0x00000000ed000000)
  to   space 2560K, 0% used [0x00000000ecb00000,0x00000000ecb00000,0x00000000ecd80000)
 ParOldGen       total 44032K, used 2665K [0x00000000c0000000, 0x00000000c2b00000, 0x00000000eab00000)
  object space 44032K, 6% used [0x00000000c0000000,0x00000000c029a5f0,0x00000000c2b00000)
 Metaspace       used 6116K, capacity 7088K, committed 7296K, reserved 1056768K
  class space    used 590K, capacity 616K, committed 640K, reserved 1048576K
Event: 18.971 GC heap after
Heap after GC invocations=3 (full 0):
 PSYoungGen      total 35328K, used 2528K [0x00000000eab00000, 0x00000000ef000000, 0x0000000100000000)
  eden space 32768K, 0% used [0x00000000eab00000,0x00000000eab00000,0x00000000ecb00000)
  from space 2560K, 98% used [0x00000000ecb00000,0x00000000ecd78028,0x00000000ecd80000)
  to   space 2560K, 0% used [0x00000000eed80000,0x00000000eed80000,0x00000000ef000000)
 ParOldGen       total 44032K, used 7426K [0x00000000c0000000, 0x00000000c2b00000, 0x00000000eab00000)
  object space 44032K, 16% used [0x00000000c0000000,0x00000000c0740b78,0x00000000c2b00000)
 Metaspace       used 6116K, capacity 7088K, committed 7296K, reserved 1056768K
  class space    used 590K, capacity 616K, committed 640K, reserved 1048576K
}

Deoptimization events (10 events):
Event: 21.127 Thread 0x0000000001f7e800 Uncommon trap: reason=unstable_if action=reinterpret pc=0x00000000029330a8 method=com.android.dx.rop.cst.StdConstantPool.set(ILcom/android/dx/rop/cst/Constant;)V @ 12
Event: 21.985 Thread 0x0000000056bfe000 Uncommon trap: reason=bimorphic action=maybe_recompile pc=0x0000000002ad9404 method=com.android.dx.cf.code.BytecodeArray.parseInstruction(ILcom/android/dx/cf/code/BytecodeArray$Visitor;)I @ 1357
Event: 21.985 Thread 0x0000000056bfe000 Uncommon trap: reason=bimorphic action=maybe_recompile pc=0x0000000002ad9404 method=com.android.dx.cf.code.BytecodeArray.parseInstruction(ILcom/android/dx/cf/code/BytecodeArray$Visitor;)I @ 1357
Event: 21.985 Thread 0x0000000056bfe000 Uncommon trap: reason=bimorphic action=maybe_recompile pc=0x0000000002ad8d28 method=com.android.dx.cf.code.BytecodeArray.parseInstruction(ILcom/android/dx/cf/code/BytecodeArray$Visitor;)I @ 939
Event: 21.986 Thread 0x0000000056bfe000 Uncommon trap: reason=bimorphic action=maybe_recompile pc=0x0000000002ad9404 method=com.android.dx.cf.code.BytecodeArray.parseInstruction(ILcom/android/dx/cf/code/BytecodeArray$Visitor;)I @ 1357
Event: 21.991 Thread 0x0000000056bfe000 Uncommon trap: reason=bimorphic action=maybe_recompile pc=0x0000000002b011b0 method=com.android.dx.ssa.SCCP.simulatePhi(Lcom/android/dx/ssa/PhiInsn;)V @ 124
Event: 21.991 Thread 0x0000000056bfe000 Uncommon trap: reason=unstable_if action=reinterpret pc=0x00000000028b15b4 method=com.android.dx.ssa.SCCP.simulateStmt(Lcom/android/dx/ssa/SsaInsn;)V @ 53
Event: 21.991 Thread 0x0000000056bfe000 Uncommon trap: reason=bimorphic action=maybe_recompile pc=0x0000000002af1b28 method=com.android.dx.ssa.SCCP.simulatePhi(Lcom/android/dx/ssa/PhiInsn;)V @ 124
Event: 21.991 Thread 0x0000000056bfe000 Uncommon trap: reason=bimorphic action=maybe_recompile pc=0x0000000002af1b28 method=com.android.dx.ssa.SCCP.simulatePhi(Lcom/android/dx/ssa/PhiInsn;)V @ 124
Event: 23.409 Thread 0x0000000001f7e800 Uncommon trap: reason=unstable_if action=reinterpret pc=0x00000000027799d0 method=java.lang.String.<init>([CII)V @ 18

Internal exceptions (3 events):
Event: 8.063 Thread 0x0000000001f7e800 Exception <a 'java/lang/NoSuchMethodError': Method sun.misc.Unsafe.defineClass(Ljava/lang/String;[BII)Ljava/lang/Class; name or signature does not match> (0x00000000eab07cc0) thrown at [C:\re\workspace\8-2-build-windows-amd64-cygwin\jdk8u101\7261\hotspot\sFâùHh  @
Event: 8.063 Thread 0x0000000001f7e800 Exception <a 'java/lang/NoSuchMethodError': Method sun.misc.Unsafe.prefetchRead(Ljava/lang/Object;J)V name or signature does not match> (0x00000000eab07fa8) thrown at [C:\re\workspace\8-2-build-windows-amd64-cygwin\jdk8u101\7261\hotspot\src\share\vm\prims\ê>A–û81@
Event: 17.221 Thread 0x0000000056bee000 Implicit null exception at 0x000000000277e292 to 0x000000000277e382

Events (10 events):
Event: 21.991 Thread 0x0000000056bfe000 Uncommon trap: trap_request=0xffffffc6 fr.pc=0x0000000002af1b28
Event: 21.991 Thread 0x0000000056bfe000 DEOPT PACKING pc=0x0000000002af1b28 sp=0x000000005750ec60
Event: 21.991 Thread 0x0000000056bfe000 DEOPT UNPACKING pc=0x00000000024f582a sp=0x000000005750ec28 mode 2
Event: 21.991 Thread 0x0000000056bfe000 Uncommon trap: trap_request=0xffffffc6 fr.pc=0x0000000002af1b28
Event: 21.991 Thread 0x0000000056bfe000 DEOPT PACKING pc=0x0000000002af1b28 sp=0x000000005750ec60
Event: 21.991 Thread 0x0000000056bfe000 DEOPT UNPACKING pc=0x00000000024f582a sp=0x000000005750ec28 mode 2
Event: 23.409 Thread 0x0000000001f7e800 Uncommon trap: trap_request=0xffffff65 fr.pc=0x00000000027799d0
Event: 23.409 Thread 0x0000000001f7e800 DEOPT PACKING pc=0x00000000027799d0 sp=0x00000000020be6d0
Event: 23.409 Thread 0x0000000001f7e800 DEOPT UNPACKING pc=0x00000000024f582a sp=0x00000000020be600 mode 2
Event: 24.597 loading class java/util/HashMap$KeySet


Dynamic libraries:
0x000000013ff50000 - 0x000000013ff87000 	C:\Program Files\Java\jdk1.8.0_101\bin\java.exe
0x0000000076e00000 - 0x0000000076fa9000 	C:\Windows\SYSTEM32\ntdll.dll
0x0000000076be0000 - 0x0000000076cff000 	C:\Windows\system32\kernel32.dll
0x000007fefce00000 - 0x000007fefce6b000 	C:\Windows\system32\KERNELBASE.dll
0x000007fefe310000 - 0x000007fefe3eb000 	C:\Windows\system32\ADVAPI32.dll
0x000007feff000000 - 0x000007feff09f000 	C:\Windows\system32\msvcrt.dll
0x000007feff0f0000 - 0x000007feff10f000 	C:\Windows\SYSTEM32\sechost.dll
0x000007fefee70000 - 0x000007fefef9d000 	C:\Windows\system32\RPCRT4.dll
0x0000000076d00000 - 0x0000000076dfa000 	C:\Windows\system32\USER32.dll
0x000007fefe2a0000 - 0x000007fefe307000 	C:\Windows\system32\GDI32.dll
0x000007fefe3f0000 - 0x000007fefe3fe000 	C:\Windows\system32\LPK.dll
0x000007fefe760000 - 0x000007fefe829000 	C:\Windows\system32\USP10.dll
0x000007fefb7d0000 - 0x000007fefb9c4000 	C:\Windows\WinSxS\amd64_microsoft.windows.common-controls_6595b64144ccf1df_6.0.7601.17514_none_fa396087175ac9ac\COMCTL32.dll
0x000007fefd120000 - 0x000007fefd191000 	C:\Windows\system32\SHLWAPI.dll
0x000007fefd280000 - 0x000007fefd2ae000 	C:\Windows\system32\IMM32.DLL
0x000007fefd2b0000 - 0x000007fefd3b9000 	C:\Windows\system32\MSCTF.dll
0x00000000739f0000 - 0x0000000073ac2000 	C:\Program Files\Java\jdk1.8.0_101\jre\bin\msvcr100.dll
0x0000000062000000 - 0x000000006289a000 	C:\Program Files\Java\jdk1.8.0_101\jre\bin\server\jvm.dll
0x000007fef83e0000 - 0x000007fef83e9000 	C:\Windows\system32\WSOCK32.dll
0x000007feff0a0000 - 0x000007feff0ed000 	C:\Windows\system32\WS2_32.dll
0x000007fefe290000 - 0x000007fefe298000 	C:\Windows\system32\NSI.dll
0x000007fefab80000 - 0x000007fefabbb000 	C:\Windows\system32\WINMM.dll
0x000007fefbe60000 - 0x000007fefbe6c000 	C:\Windows\system32\VERSION.dll
0x0000000076fc0000 - 0x0000000076fc7000 	C:\Windows\system32\PSAPI.DLL
0x0000000073690000 - 0x000000007369f000 	C:\Program Files\Java\jdk1.8.0_101\jre\bin\verify.dll
0x0000000071e90000 - 0x0000000071eb9000 	C:\Program Files\Java\jdk1.8.0_101\jre\bin\java.dll
0x0000000073670000 - 0x0000000073686000 	C:\Program Files\Java\jdk1.8.0_101\jre\bin\zip.dll
0x000007fefd500000 - 0x000007fefe288000 	C:\Windows\system32\SHELL32.dll
0x000007fefe420000 - 0x000007fefe623000 	C:\Windows\system32\ole32.dll
0x000007fefcd50000 - 0x000007fefcd5f000 	C:\Windows\system32\profapi.dll

VM Arguments:
jvm_args: -Djava.awt.headless=true -Xmx1024M -Dfile.encoding=windows-1252 -Duser.country=BR -Duser.language=pt -Duser.variant 
java_command: com.android.dx.command.Main --dex --force-jumbo --num-threads=4 --output D:\work-mobile\Mapas\app\build\intermediates\pre-dexed\debug\internal_impl-25.0.1_2a214ab20dbf053a7730461dcc45e7e0c76770d8.jar D:\work-mobile\Mapas\app\build\intermediates\exploded-aar\com.android.support\support-compat\25.0.1\jars\libs\internal_impl-25.0.1.jar
java_class_path (initial): C:\Users\Tuca\AppData\Local\Android\sdk\build-tools\24.0.1\lib\dx.jar
Launcher Type: SUN_STANDARD

Environment Variables:
JAVA_HOME=C:\Program Files\Java\jdk1.8.0_101
PATH=C:\Program Files\Common Files\Microsoft Shared\Windows Live;C:\Program Files (x86)\Common Files\Microsoft Shared\Windows Live;C:\ProgramData\Oracle\Java\javapath;C:\Program Files (x86)\Intel\iCLS Client\;C:\Program Files\Intel\iCLS Client\;C:\Windows\system32;C:\Windows;C:\Windows\System32\Wbem;C:\Windows\System32\WindowsPowerShell\v1.0\;C:\Program Files\Intel\Intel(R) Management Engine Components\DAL;C:\Program Files\Intel\Intel(R) Management Engine Components\IPT;C:\Program Files (x86)\Intel\Intel(R) Management Engine Components\DAL;C:\Program Files (x86)\Intel\Intel(R) Management Engine Components\IPT;C:\Program Files\Intel\WiFi\bin\;C:\Program Files\Common Files\Intel\WirelessCommon\;C:\Program Files\Git\cmd;C:\Program Files\Git\mingw64\bin;C:\Program Files\Git\usr\bin; C:\Program Files\Java\jdk1.8.0_101;C:\Program Files (x86)\Windows Live\Shared;C:\Program Files\nodejs\;C:\Program Files (x86)\PuTTY\; C:\apache-maven\bin;C:\Users\Tuca\AppData\Local\Android\sdk;C:\Program Files\Intel\WiFi\bin\;C:\Program Files\Common Files\Intel\WirelessCommon\;C:\mongodb\bin;D:\sedna\bin;C:\Users\Tuca\AppData\Roaming\npm;C:\apache-maven\bin;C:\Users\Tuca\.gradle\wrapper\dists\gradle-2.10-all\a4w5fzrkeut1ox71xslb49gst\gradle-2.10\bin
USERNAME=Tuca
OS=Windows_NT
PROCESSOR_IDENTIFIER=Intel64 Family 6 Model 58 Stepping 9, GenuineIntel



---------------  S Y S T E M  ---------------

OS: Windows 7 , 64 bit Build 7601 (6.1.7601.17514)

CPU:total 4 (2 cores per cpu, 2 threads per core) family 6 model 58 stepping 9, cmov, cx8, fxsr, mmx, sse, sse2, sse3, ssse3, sse4.1, sse4.2, popcnt, avx, aes, clmul, erms, ht, tsc, tscinvbit, tscinv

Memory: 4k page, physical 4092776k(158672k free), swap 8233320k(215052k free)

vm_info: Java HotSpot(TM) 64-Bit Server VM (25.101-b13) for windows-amd64 JRE (1.8.0_101-b13), built on Jun 22 2016 01:21:29 by "java_re" with MS VC++ 10.0 (VS2010)

time: Tue Feb 28 01:23:08 2017
elapsed time: 26 seconds (0d 0h 0m 26s)

