#
# There is insufficient memory for the Java Runtime Environment to continue.
# Native memory allocation (malloc) failed to allocate 65552 bytes for Chunk::new
# Possible reasons:
#   The system is out of physical RAM or swap space
#   In 32 bit mode, the process size limit was hit
# Possible solutions:
#   Reduce memory load on the system
#   Increase physical memory or swap space
#   Check if swap backing store is full
#   Use 64 bit Java on a 64 bit OS
#   Decrease Java heap size (-Xmx/-Xms)
#   Decrease number of Java threads
#   Decrease Java thread stack sizes (-Xss)
#   Set larger code cache with -XX:ReservedCodeCacheSize=
# This output file may be truncated or incomplete.
#
#  Out of Memory Error (allocation.cpp:390), pid=5656, tid=0x0000000000001514
#
# JRE version: Java(TM) SE Runtime Environment (8.0_101-b13) (build 1.8.0_101-b13)
# Java VM: Java HotSpot(TM) 64-Bit Server VM (25.101-b13 mixed mode windows-amd64 compressed oops)
# Failed to write core dump. Minidumps are not enabled by default on client versions of Windows
#

---------------  T H R E A D  ---------------

Current thread (0x0000000054d0a800):  JavaThread "C2 CompilerThread1" daemon [_thread_in_native, id=5396, stack(0x0000000056520000,0x0000000056620000)]

Stack: [0x0000000056520000,0x0000000056620000]
[error occurred during error reporting (printing stack bounds), id 0xc0000005]

Native frames: (J=compiled Java code, j=interpreted, Vv=VM code, C=native code)


Current CompileTask:
C2:   7573 1637 %     4       com.android.dx.ssa.SsaMethod::forEachBlockDepthFirst @ 129 (194 bytes)


---------------  P R O C E S S  ---------------

Java Threads: ( => current thread )
  0x0000000056b96800 JavaThread "pool-1-thread-4" [_thread_blocked, id=5940, stack(0x0000000057680000,0x0000000057780000)]
  0x0000000056b95000 JavaThread "pool-1-thread-3" [_thread_blocked, id=5156, stack(0x00000000574b0000,0x00000000575b0000)]
  0x0000000056b99800 JavaThread "pool-1-thread-2" [_thread_blocked, id=4896, stack(0x00000000572a0000,0x00000000573a0000)]
  0x0000000056bf1000 JavaThread "pool-2-thread-1" [_thread_blocked, id=5260, stack(0x0000000056ea0000,0x0000000056fa0000)]
  0x0000000056bef000 JavaThread "pool-1-thread-1" [_thread_blocked, id=4264, stack(0x0000000057050000,0x0000000057150000)]
  0x00000000568a8800 JavaThread "Service Thread" daemon [_thread_blocked, id=5980, stack(0x0000000056690000,0x0000000056790000)]
  0x0000000054d0b800 JavaThread "C1 CompilerThread2" daemon [_thread_blocked, id=6000, stack(0x00000000567a0000,0x00000000568a0000)]
=>0x0000000054d0a800 JavaThread "C2 CompilerThread1" daemon [_thread_in_native, id=5396, stack(0x0000000056520000,0x0000000056620000)]
  0x0000000054d08800 JavaThread "C2 CompilerThread0" daemon [_thread_in_native, id=5932, stack(0x00000000561b0000,0x00000000562b0000)]
  0x0000000054d02000 JavaThread "Attach Listener" daemon [_thread_blocked, id=6032, stack(0x0000000056420000,0x0000000056520000)]
  0x0000000054d01000 JavaThread "Signal Dispatcher" daemon [_thread_blocked, id=5696, stack(0x0000000056300000,0x0000000056400000)]
  0x0000000054ce9800 JavaThread "Finalizer" daemon [_thread_blocked, id=5716, stack(0x0000000056030000,0x0000000056130000)]
  0x0000000054ca2800 JavaThread "Reference Handler" daemon [_thread_blocked, id=5388, stack(0x0000000055e20000,0x0000000055f20000)]
  0x0000000001dfe800 JavaThread "main" [_thread_in_native, id=4692, stack(0x0000000002160000,0x0000000002260000)]

Other Threads:
  0x0000000054c9b000 VMThread [stack: 0x0000000055ca0000,0x0000000055da0000] [id=5460]
  0x0000000056915800 WatcherThread [stack: 0x0000000056d80000,0x0000000056e80000] [id=5384]

VM state:not at safepoint (normal execution)

VM Mutex/Monitor currently owned by a thread: None

Heap:
 PSYoungGen      total 35328K, used 12679K [0x00000000eab00000, 0x00000000ef000000, 0x0000000100000000)
  eden space 32768K, 30% used [0x00000000eab00000,0x00000000eb4e1d68,0x00000000ecb00000)
  from space 2560K, 100% used [0x00000000ecb00000,0x00000000ecd80000,0x00000000ecd80000)
  to   space 2560K, 0% used [0x00000000eed80000,0x00000000eed80000,0x00000000ef000000)
 ParOldGen       total 44032K, used 7305K [0x00000000c0000000, 0x00000000c2b00000, 0x00000000eab00000)
  object space 44032K, 16% used [0x00000000c0000000,0x00000000c07226f8,0x00000000c2b00000)
 Metaspace       used 6148K, capacity 7088K, committed 7296K, reserved 1056768K
  class space    used 592K, capacity 616K, committed 640K, reserved 1048576K

Card table byte_map: [0x00000000118f0000,0x0000000011b00000] byte_map_base: 0x00000000112f0000

Marking Bits: (ParMarkBitMap*) 0x000000006281a6d0
 Begin Bits: [0x0000000012110000, 0x0000000013110000)
 End Bits:   [0x0000000013110000, 0x0000000014110000)

Polling page: 0x00000000000a0000

CodeCache: size=245760Kb used=7121Kb max_used=7130Kb free=238639Kb
 bounds [0x0000000002530000, 0x0000000002c30000, 0x0000000011530000]
 total_blobs=1906 nmethods=1642 adapters=176
 compilation: enabled

Compilation events (10 events):
Event: 7.046 Thread 0x0000000054d08800 1648       4       java.lang.StringBuilder::append (8 bytes)
Event: 7.052 Thread 0x0000000054d08800 nmethod 1648 0x0000000002c0d1d0 code [0x0000000002c0d320, 0x0000000002c0d6f8]
Event: 7.052 Thread 0x0000000054d08800 1638       4       com.android.dx.cf.code.ExecutionStack::peek (42 bytes)
Event: 7.053 Thread 0x0000000054d08800 nmethod 1638 0x0000000002bceb90 code [0x0000000002bcece0, 0x0000000002bced98]
Event: 7.058 Thread 0x0000000054d08800 1653       4       java.util.ArrayList::remove (77 bytes)
Event: 7.065 Thread 0x0000000054d08800 nmethod 1653 0x0000000002c0cb50 code [0x0000000002c0cca0, 0x0000000002c0d018]
Event: 7.065 Thread 0x0000000054d08800 1654       4       com.android.dx.ssa.SsaMethod::isRegALocal (90 bytes)
Event: 7.128 Thread 0x0000000054d08800 nmethod 1654 0x0000000002c21190 code [0x0000000002c21460, 0x0000000002c22c28]
Event: 7.431 Thread 0x0000000054d08800 1655       4       com.android.dx.cf.direct.DirectClassFile::getConstantPool (9 bytes)
Event: 7.432 Thread 0x0000000054d08800 nmethod 1655 0x0000000002bce910 code [0x0000000002bcea60, 0x0000000002bceae8]

GC Heap History (6 events):
Event: 0.992 GC heap before
{Heap before GC invocations=1 (full 0):
 PSYoungGen      total 18944K, used 16384K [0x00000000eab00000, 0x00000000ec000000, 0x0000000100000000)
  eden space 16384K, 100% used [0x00000000eab00000,0x00000000ebb00000,0x00000000ebb00000)
  from space 2560K, 0% used [0x00000000ebd80000,0x00000000ebd80000,0x00000000ec000000)
  to   space 2560K, 0% used [0x00000000ebb00000,0x00000000ebb00000,0x00000000ebd80000)
 ParOldGen       total 44032K, used 0K [0x00000000c0000000, 0x00000000c2b00000, 0x00000000eab00000)
  object space 44032K, 0% used [0x00000000c0000000,0x00000000c0000000,0x00000000c2b00000)
 Metaspace       used 5311K, capacity 6448K, committed 6528K, reserved 1056768K
  class space    used 581K, capacity 616K, committed 640K, reserved 1048576K
Event: 1.238 GC heap after
Heap after GC invocations=1 (full 0):
 PSYoungGen      total 18944K, used 2547K [0x00000000eab00000, 0x00000000ed000000, 0x0000000100000000)
  eden space 16384K, 0% used [0x00000000eab00000,0x00000000eab00000,0x00000000ebb00000)
  from space 2560K, 99% used [0x00000000ebb00000,0x00000000ebd7cea8,0x00000000ebd80000)
  to   space 2560K, 0% used [0x00000000ecd80000,0x00000000ecd80000,0x00000000ed000000)
 ParOldGen       total 44032K, used 467K [0x00000000c0000000, 0x00000000c2b00000, 0x00000000eab00000)
  object space 44032K, 1% used [0x00000000c0000000,0x00000000c0074ff8,0x00000000c2b00000)
 Metaspace       used 5311K, capacity 6448K, committed 6528K, reserved 1056768K
  class space    used 581K, capacity 616K, committed 640K, reserved 1048576K
}
Event: 2.441 GC heap before
{Heap before GC invocations=2 (full 0):
 PSYoungGen      total 18944K, used 18931K [0x00000000eab00000, 0x00000000ed000000, 0x0000000100000000)
  eden space 16384K, 100% used [0x00000000eab00000,0x00000000ebb00000,0x00000000ebb00000)
  from space 2560K, 99% used [0x00000000ebb00000,0x00000000ebd7cea8,0x00000000ebd80000)
  to   space 2560K, 0% used [0x00000000ecd80000,0x00000000ecd80000,0x00000000ed000000)
 ParOldGen       total 44032K, used 467K [0x00000000c0000000, 0x00000000c2b00000, 0x00000000eab00000)
  object space 44032K, 1% used [0x00000000c0000000,0x00000000c0074ff8,0x00000000c2b00000)
 Metaspace       used 5892K, capacity 6896K, committed 7040K, reserved 1056768K
  class space    used 592K, capacity 616K, committed 640K, reserved 1048576K
Event: 2.780 GC heap after
Heap after GC invocations=2 (full 0):
 PSYoungGen      total 35328K, used 2560K [0x00000000eab00000, 0x00000000ed000000, 0x0000000100000000)
  eden space 32768K, 0% used [0x00000000eab00000,0x00000000eab00000,0x00000000ecb00000)
  from space 2560K, 100% used [0x00000000ecd80000,0x00000000ed000000,0x00000000ed000000)
  to   space 2560K, 0% used [0x00000000ecb00000,0x00000000ecb00000,0x00000000ecd80000)
 ParOldGen       total 44032K, used 2053K [0x00000000c0000000, 0x00000000c2b00000, 0x00000000eab00000)
  object space 44032K, 4% used [0x00000000c0000000,0x00000000c0201418,0x00000000c2b00000)
 Metaspace       used 5892K, capacity 6896K, committed 7040K, reserved 1056768K
  class space    used 592K, capacity 616K, committed 640K, reserved 1048576K
}
Event: 3.607 GC heap before
{Heap before GC invocations=3 (full 0):
 PSYoungGen      total 35328K, used 35328K [0x00000000eab00000, 0x00000000ed000000, 0x0000000100000000)
  eden space 32768K, 100% used [0x00000000eab00000,0x00000000ecb00000,0x00000000ecb00000)
  from space 2560K, 100% used [0x00000000ecd80000,0x00000000ed000000,0x00000000ed000000)
  to   space 2560K, 0% used [0x00000000ecb00000,0x00000000ecb00000,0x00000000ecd80000)
 ParOldGen       total 44032K, used 2053K [0x00000000c0000000, 0x00000000c2b00000, 0x00000000eab00000)
  object space 44032K, 4% used [0x00000000c0000000,0x00000000c0201418,0x00000000c2b00000)
 Metaspace       used 6127K, capacity 7088K, committed 7296K, reserved 1056768K
  class space    used 592K, capacity 616K, committed 640K, reserved 1048576K
Event: 3.755 GC heap after
Heap after GC invocations=3 (full 0):
 PSYoungGen      total 35328K, used 2560K [0x00000000eab00000, 0x00000000ef000000, 0x0000000100000000)
  eden space 32768K, 0% used [0x00000000eab00000,0x00000000eab00000,0x00000000ecb00000)
  from space 2560K, 100% used [0x00000000ecb00000,0x00000000ecd80000,0x00000000ecd80000)
  to   space 2560K, 0% used [0x00000000eed80000,0x00000000eed80000,0x00000000ef000000)
 ParOldGen       total 44032K, used 7305K [0x00000000c0000000, 0x00000000c2b00000, 0x00000000eab00000)
  object space 44032K, 16% used [0x00000000c0000000,0x00000000c07226f8,0x00000000c2b00000)
 Metaspace       used 6127K, capacity 7088K, committed 7296K, reserved 1056768K
  class space    used 592K, capacity 616K, committed 640K, reserved 1048576K
}

Deoptimization events (10 events):
Event: 1.630 Thread 0x0000000056bef000 Uncommon trap: reason=class_check action=maybe_recompile pc=0x000000000280ecfc method=com.android.dx.rop.type.Type.equals(Ljava/lang/Object;)Z @ 8
Event: 1.630 Thread 0x0000000056bef000 Uncommon trap: reason=class_check action=maybe_recompile pc=0x000000000280ecfc method=com.android.dx.rop.type.Type.equals(Ljava/lang/Object;)Z @ 8
Event: 1.980 Thread 0x0000000056b95000 Uncommon trap: reason=unstable_if action=reinterpret pc=0x000000000280d81c method=com.android.dx.rop.code.RegisterSpecSet.put(Lcom/android/dx/rop/code/RegisterSpec;)V @ 77
Event: 1.980 Thread 0x0000000056b95000 Uncommon trap: reason=unstable_if action=reinterpret pc=0x00000000028f39cc method=com.android.dx.rop.code.RegisterSpecSet.put(Lcom/android/dx/rop/code/RegisterSpec;)V @ 77
Event: 2.994 Thread 0x0000000001dfe800 Uncommon trap: reason=null_check action=make_not_entrant pc=0x000000000281040c method=com.android.dx.ssa.SsaRenamer.getLocalForNewReg(I)Lcom/android/dx/rop/code/LocalItem; @ 19
Event: 3.461 Thread 0x0000000001dfe800 Uncommon trap: reason=unstable_if action=reinterpret pc=0x000000000291bbac method=com.android.dx.util.IntList.binarysearch(I)I @ 105
Event: 3.822 Thread 0x0000000056b99800 Uncommon trap: reason=bimorphic action=maybe_recompile pc=0x0000000002b73144 method=com.android.dx.cf.code.BytecodeArray.parseInstruction(ILcom/android/dx/cf/code/BytecodeArray$Visitor;)I @ 1130
Event: 3.822 Thread 0x0000000056b99800 Uncommon trap: reason=uninitialized action=reinterpret pc=0x0000000002b72be4 method=com.android.dx.cf.code.BytecodeArray.parseInstruction(ILcom/android/dx/cf/code/BytecodeArray$Visitor;)I @ 1047
Event: 3.831 Thread 0x0000000056b99800 Uncommon trap: reason=unstable_if action=reinterpret pc=0x00000000027c65c4 method=com.android.dx.rop.cst.Constant.compareTo(Lcom/android/dx/rop/cst/Constant;)I @ 12
Event: 3.835 Thread 0x0000000056b99800 Uncommon trap: reason=null_check action=make_not_entrant pc=0x0000000002861f10 method=com.android.dx.rop.type.Type.equals(Ljava/lang/Object;)Z @ 8

Internal exceptions (4 events):
Event: 0.136 Thread 0x0000000001dfe800 Exception <a 'java/lang/NoSuchMethodError': Method sun.misc.Unsafe.defineClass(Ljava/lang/String;[BII)Ljava/lang/Class; name or signature does not match> (0x00000000eab07cc0) thrown at [C:\re\workspace\8-2-build-windows-amd64-cygwin\jdk8u101\7261\hotspot\s[ûã€ÌdÁ?
Event: 0.136 Thread 0x0000000001dfe800 Exception <a 'java/lang/NoSuchMethodError': Method sun.misc.Unsafe.prefetchRead(Ljava/lang/Object;J)V name or signature does not match> (0x00000000eab07fa8) thrown at [C:\re\workspace\8-2-build-windows-amd64-cygwin\jdk8u101\7261\hotspot\src\share\vm\prims\¸A´aó@
Event: 2.994 Thread 0x0000000001dfe800 Implicit null exception at 0x000000000280fa56 to 0x00000000028103e9
Event: 3.835 Thread 0x0000000056b99800 Implicit null exception at 0x0000000002861e12 to 0x0000000002861f02

Events (10 events):
Event: 3.831 Thread 0x0000000056b99800 Uncommon trap: trap_request=0xffffff65 fr.pc=0x00000000027c65c4
Event: 3.831 Thread 0x0000000056b99800 DEOPT PACKING pc=0x00000000027c65c4 sp=0x000000005739e790
Event: 3.831 Thread 0x0000000056b99800 DEOPT UNPACKING pc=0x000000000257582a sp=0x000000005739e730 mode 2
Event: 3.835 Thread 0x0000000056b99800 Uncommon trap: trap_request=0xfffffff4 fr.pc=0x0000000002861f10
Event: 3.835 Thread 0x0000000056b99800 DEOPT PACKING pc=0x0000000002861f10 sp=0x000000005739e910
Event: 3.835 Thread 0x0000000056b99800 DEOPT UNPACKING pc=0x000000000257582a sp=0x000000005739e898 mode 2
Event: 4.381 Executing VM operation: EnableBiasedLocking
Event: 4.381 Executing VM operation: EnableBiasedLocking done
Event: 5.579 loading class com/android/dx/rop/code/RegisterSpec$1
Event: 5.579 loading class com/android/dx/rop/code/RegisterSpec$1 done


Dynamic libraries:
0x000000013ff50000 - 0x000000013ff87000 	C:\Program Files\Java\jdk1.8.0_101\bin\java.exe
0x0000000076e00000 - 0x0000000076fa9000 	C:\Windows\SYSTEM32\ntdll.dll
0x0000000076be0000 - 0x0000000076cff000 	C:\Windows\system32\kernel32.dll
0x000007fefce00000 - 0x000007fefce6b000 	C:\Windows\system32\KERNELBASE.dll
0x000007fefe310000 - 0x000007fefe3eb000 	C:\Windows\system32\ADVAPI32.dll
0x000007feff000000 - 0x000007feff09f000 	C:\Windows\system32\msvcrt.dll
0x000007feff0f0000 - 0x000007feff10f000 	C:\Windows\SYSTEM32\sechost.dll
0x000007fefee70000 - 0x000007fefef9d000 	C:\Windows\system32\RPCRT4.dll
0x0000000076d00000 - 0x0000000076dfa000 	C:\Windows\system32\USER32.dll
0x000007fefe2a0000 - 0x000007fefe307000 	C:\Windows\system32\GDI32.dll
0x000007fefe3f0000 - 0x000007fefe3fe000 	C:\Windows\system32\LPK.dll
0x000007fefe760000 - 0x000007fefe829000 	C:\Windows\system32\USP10.dll
0x000007fefb7d0000 - 0x000007fefb9c4000 	C:\Windows\WinSxS\amd64_microsoft.windows.common-controls_6595b64144ccf1df_6.0.7601.17514_none_fa396087175ac9ac\COMCTL32.dll
0x000007fefd120000 - 0x000007fefd191000 	C:\Windows\system32\SHLWAPI.dll
0x000007fefd280000 - 0x000007fefd2ae000 	C:\Windows\system32\IMM32.DLL
0x000007fefd2b0000 - 0x000007fefd3b9000 	C:\Windows\system32\MSCTF.dll
0x00000000739f0000 - 0x0000000073ac2000 	C:\Program Files\Java\jdk1.8.0_101\jre\bin\msvcr100.dll
0x0000000062000000 - 0x000000006289a000 	C:\Program Files\Java\jdk1.8.0_101\jre\bin\server\jvm.dll
0x000007fef83e0000 - 0x000007fef83e9000 	C:\Windows\system32\WSOCK32.dll
0x000007feff0a0000 - 0x000007feff0ed000 	C:\Windows\system32\WS2_32.dll
0x000007fefe290000 - 0x000007fefe298000 	C:\Windows\system32\NSI.dll
0x000007fefab80000 - 0x000007fefabbb000 	C:\Windows\system32\WINMM.dll
0x000007fefbe60000 - 0x000007fefbe6c000 	C:\Windows\system32\VERSION.dll
0x0000000076fc0000 - 0x0000000076fc7000 	C:\Windows\system32\PSAPI.DLL
0x0000000073690000 - 0x000000007369f000 	C:\Program Files\Java\jdk1.8.0_101\jre\bin\verify.dll
0x0000000071e90000 - 0x0000000071eb9000 	C:\Program Files\Java\jdk1.8.0_101\jre\bin\java.dll
0x0000000073670000 - 0x0000000073686000 	C:\Program Files\Java\jdk1.8.0_101\jre\bin\zip.dll
0x000007fefd500000 - 0x000007fefe288000 	C:\Windows\system32\SHELL32.dll
0x000007fefe420000 - 0x000007fefe623000 	C:\Windows\system32\ole32.dll
0x000007fefcd50000 - 0x000007fefcd5f000 	C:\Windows\system32\profapi.dll

VM Arguments:
jvm_args: -Djava.awt.headless=true -Xmx1024M -Dfile.encoding=windows-1252 -Duser.country=BR -Duser.language=pt -Duser.variant 
java_command: com.android.dx.command.Main --dex --force-jumbo --num-threads=4 --output D:\work-mobile\Mapas\app\build\intermediates\pre-dexed\debug\com.android.support-support-compat-25.0.1_f40029586f3055d5657f740b16f3f8cc5a133a83.jar D:\work-mobile\Mapas\app\build\intermediates\exploded-aar\com.android.support\support-compat\25.0.1\jars\classes.jar
java_class_path (initial): C:\Users\Tuca\AppData\Local\Android\sdk\build-tools\24.0.1\lib\dx.jar
Launcher Type: SUN_STANDARD

Environment Variables:
JAVA_HOME=C:\Program Files\Java\jdk1.8.0_101
PATH=C:\Program Files\Common Files\Microsoft Shared\Windows Live;C:\Program Files (x86)\Common Files\Microsoft Shared\Windows Live;C:\ProgramData\Oracle\Java\javapath;C:\Program Files (x86)\Intel\iCLS Client\;C:\Program Files\Intel\iCLS Client\;C:\Windows\system32;C:\Windows;C:\Windows\System32\Wbem;C:\Windows\System32\WindowsPowerShell\v1.0\;C:\Program Files\Intel\Intel(R) Management Engine Components\DAL;C:\Program Files\Intel\Intel(R) Management Engine Components\IPT;C:\Program Files (x86)\Intel\Intel(R) Management Engine Components\DAL;C:\Program Files (x86)\Intel\Intel(R) Management Engine Components\IPT;C:\Program Files\Intel\WiFi\bin\;C:\Program Files\Common Files\Intel\WirelessCommon\;C:\Program Files\Git\cmd;C:\Program Files\Git\mingw64\bin;C:\Program Files\Git\usr\bin; C:\Program Files\Java\jdk1.8.0_101;C:\Program Files (x86)\Windows Live\Shared;C:\Program Files\nodejs\;C:\Program Files (x86)\PuTTY\; C:\apache-maven\bin;C:\Users\Tuca\AppData\Local\Android\sdk;C:\Program Files\Intel\WiFi\bin\;C:\Program Files\Common Files\Intel\WirelessCommon\;C:\mongodb\bin;D:\sedna\bin;C:\Users\Tuca\AppData\Roaming\npm;C:\apache-maven\bin;C:\Users\Tuca\.gradle\wrapper\dists\gradle-2.10-all\a4w5fzrkeut1ox71xslb49gst\gradle-2.10\bin
USERNAME=Tuca
OS=Windows_NT
PROCESSOR_IDENTIFIER=Intel64 Family 6 Model 58 Stepping 9, GenuineIntel



---------------  S Y S T E M  ---------------

OS: Windows 7 , 64 bit Build 7601 (6.1.7601.17514)

CPU:total 4 (2 cores per cpu, 2 threads per core) family 6 model 58 stepping 9, cmov, cx8, fxsr, mmx, sse, sse2, sse3, ssse3, sse4.1, sse4.2, popcnt, avx, aes, clmul, erms, ht, tsc, tscinvbit, tscinv

Memory: 4k page, physical 4092776k(107576k free), swap 8233320k(7276k free)

vm_info: Java HotSpot(TM) 64-Bit Server VM (25.101-b13) for windows-amd64 JRE (1.8.0_101-b13), built on Jun 22 2016 01:21:29 by "java_re" with MS VC++ 10.0 (VS2010)

time: Tue Feb 28 01:23:07 2017
elapsed time: 8 seconds (0d 0h 0m 8s)

