#
# There is insufficient memory for the Java Runtime Environment to continue.
# Native memory allocation (malloc) failed to allocate 32784 bytes for Chunk::new
# Possible reasons:
#   The system is out of physical RAM or swap space
#   In 32 bit mode, the process size limit was hit
# Possible solutions:
#   Reduce memory load on the system
#   Increase physical memory or swap space
#   Check if swap backing store is full
#   Use 64 bit Java on a 64 bit OS
#   Decrease Java heap size (-Xmx/-Xms)
#   Decrease number of Java threads
#   Decrease Java thread stack sizes (-Xss)
#   Set larger code cache with -XX:ReservedCodeCacheSize=
# This output file may be truncated or incomplete.
#
#  Out of Memory Error (allocation.cpp:390), pid=5820, tid=0x00000000000010e8
#
# JRE version: Java(TM) SE Runtime Environment (8.0_101-b13) (build 1.8.0_101-b13)
# Java VM: Java HotSpot(TM) 64-Bit Server VM (25.101-b13 mixed mode windows-amd64 compressed oops)
# Failed to write core dump. Minidumps are not enabled by default on client versions of Windows
#

---------------  T H R E A D  ---------------

Current thread (0x0000000054fa1000):  JavaThread "C2 CompilerThread0" daemon [_thread_in_native, id=4328, stack(0x0000000056190000,0x0000000056290000)]

Stack: [0x0000000056190000,0x0000000056290000]
[error occurred during error reporting (printing stack bounds), id 0xc0000005]

Native frames: (J=compiled Java code, j=interpreted, Vv=VM code, C=native code)


Current CompileTask:
C2:   6787 1324       4       com.android.dx.ssa.SCCP::simulatePhi (169 bytes)


---------------  P R O C E S S  ---------------

Java Threads: ( => current thread )
  0x0000000056cfe000 JavaThread "pool-1-thread-4" [_thread_blocked, id=1820, stack(0x0000000057fb0000,0x00000000580b0000)]
  0x0000000056cec000 JavaThread "pool-1-thread-3" [_thread_blocked, id=4720, stack(0x0000000057df0000,0x0000000057ef0000)]
  0x0000000056dda000 JavaThread "pool-1-thread-2" [_thread_blocked, id=2060, stack(0x0000000057cd0000,0x0000000057dd0000)]
  0x0000000056e24800 JavaThread "pool-2-thread-1" [_thread_blocked, id=6120, stack(0x0000000057bb0000,0x0000000057cb0000)]
  0x0000000056e28800 JavaThread "pool-1-thread-1" [_thread_blocked, id=5308, stack(0x00000000579a0000,0x0000000057aa0000)]
  0x0000000056a93000 JavaThread "Service Thread" daemon [_thread_blocked, id=5712, stack(0x0000000056e30000,0x0000000056f30000)]
  0x0000000054fa4000 JavaThread "C1 CompilerThread2" daemon [_thread_in_vm, id=5660, stack(0x0000000056930000,0x0000000056a30000)]
  0x0000000054fa3000 JavaThread "C2 CompilerThread1" daemon [_thread_in_native, id=5500, stack(0x0000000056770000,0x0000000056870000)]
=>0x0000000054fa1000 JavaThread "C2 CompilerThread0" daemon [_thread_in_native, id=4328, stack(0x0000000056190000,0x0000000056290000)]
  0x0000000054fae000 JavaThread "Attach Listener" daemon [_thread_blocked, id=3796, stack(0x00000000565b0000,0x00000000566b0000)]
  0x0000000054fac800 JavaThread "Signal Dispatcher" daemon [_thread_blocked, id=3488, stack(0x0000000056440000,0x0000000056540000)]
  0x0000000054f89800 JavaThread "Finalizer" daemon [_thread_blocked, id=4904, stack(0x0000000056290000,0x0000000056390000)]
  0x0000000054f42800 JavaThread "Reference Handler" daemon [_thread_blocked, id=5968, stack(0x0000000055ed0000,0x0000000055fd0000)]
  0x0000000001ece800 JavaThread "main" [_thread_blocked, id=4420, stack(0x0000000002230000,0x0000000002330000)]

Other Threads:
  0x0000000054f3b000 VMThread [stack: 0x0000000056020000,0x0000000056120000] [id=4444]
  0x0000000056a99800 WatcherThread [stack: 0x0000000057060000,0x0000000057160000] [id=3888]

VM state:not at safepoint (normal execution)

VM Mutex/Monitor currently owned by a thread:  ([mutex/lock_event])
[0x0000000001ec8ec0] CodeCache_lock - owner thread: 0x0000000054fa4000
[0x0000000001ecd480] Compile_lock - owner thread: 0x0000000054fa4000
[0x0000000001ecd580] MethodCompileQueue_lock - owner thread: 0x0000000054fa4000

Heap:
 PSYoungGen      total 68096K, used 8398K [0x00000000eab00000, 0x00000000ef000000, 0x0000000100000000)
  eden space 65536K, 8% used [0x00000000eab00000,0x00000000eb0b41d0,0x00000000eeb00000)
  from space 2560K, 99% used [0x00000000eed80000,0x00000000eefff638,0x00000000ef000000)
  to   space 2560K, 0% used [0x00000000eeb00000,0x00000000eeb00000,0x00000000eed80000)
 ParOldGen       total 44032K, used 11692K [0x00000000c0000000, 0x00000000c2b00000, 0x00000000eab00000)
  object space 44032K, 26% used [0x00000000c0000000,0x00000000c0b6b168,0x00000000c2b00000)
 Metaspace       used 6066K, capacity 6960K, committed 7040K, reserved 1056768K
  class space    used 596K, capacity 616K, committed 640K, reserved 1048576K

Card table byte_map: [0x00000000119c0000,0x0000000011bd0000] byte_map_base: 0x00000000113c0000

Marking Bits: (ParMarkBitMap*) 0x000000006281a6d0
 Begin Bits: [0x00000000123b0000, 0x00000000133b0000)
 End Bits:   [0x00000000133b0000, 0x00000000143b0000)

Polling page: 0x0000000000310000

CodeCache: size=245760Kb used=5420Kb max_used=5420Kb free=240339Kb
 bounds [0x0000000002600000, 0x0000000002b50000, 0x0000000011600000]
 total_blobs=1675 nmethods=1406 adapters=181
 compilation: enabled

Compilation events (10 events):
Event: 6.584 Thread 0x0000000054fa4000 nmethod 1421 0x0000000002b2d710 code [0x0000000002b2da20, 0x0000000002b2f2e8]
Event: 6.584 Thread 0x0000000054fa4000 1426       3       com.android.dx.rop.type.Type::getInitializedType (42 bytes)
Event: 6.584 Thread 0x0000000054fa4000 nmethod 1426 0x0000000002b36c10 code [0x0000000002b36de0, 0x0000000002b375d8]
Event: 6.603 Thread 0x0000000054fa3000 nmethod 1416 0x0000000002b40650 code [0x0000000002b40800, 0x0000000002b41218]
Event: 6.603 Thread 0x0000000054fa3000 1424   !   4       java.util.BitSet::clone (49 bytes)
Event: 6.606 Thread 0x0000000054fa3000 nmethod 1424 0x0000000002b3d350 code [0x0000000002b3d4c0, 0x0000000002b3d6c8]
Event: 6.606 Thread 0x0000000054fa3000 1427       4       com.android.dx.rop.code.LocalVariableInfo::mergeStarts (75 bytes)
Event: 6.635 Thread 0x0000000054fa3000 nmethod 1427 0x0000000002b3db50 code [0x0000000002b3dcc0, 0x0000000002b3e758]
Event: 6.635 Thread 0x0000000054fa3000 1434       4       com.android.dx.ssa.DeadCodeRemover::isCircularNoSideEffect (140 bytes)
Event: 6.651 Thread 0x0000000054fa4000 1435       3       com.android.dx.ssa.back.InterferenceGraph::<init> (42 bytes)

GC Heap History (8 events):
Event: 1.424 GC heap before
{Heap before GC invocations=1 (full 0):
 PSYoungGen      total 18944K, used 16384K [0x00000000eab00000, 0x00000000ec000000, 0x0000000100000000)
  eden space 16384K, 100% used [0x00000000eab00000,0x00000000ebb00000,0x00000000ebb00000)
  from space 2560K, 0% used [0x00000000ebd80000,0x00000000ebd80000,0x00000000ec000000)
  to   space 2560K, 0% used [0x00000000ebb00000,0x00000000ebb00000,0x00000000ebd80000)
 ParOldGen       total 44032K, used 0K [0x00000000c0000000, 0x00000000c2b00000, 0x00000000eab00000)
  object space 44032K, 0% used [0x00000000c0000000,0x00000000c0000000,0x00000000c2b00000)
 Metaspace       used 5586K, capacity 6576K, committed 6784K, reserved 1056768K
  class space    used 593K, capacity 616K, committed 640K, reserved 1048576K
Event: 1.692 GC heap after
Heap after GC invocations=1 (full 0):
 PSYoungGen      total 18944K, used 2532K [0x00000000eab00000, 0x00000000ed000000, 0x0000000100000000)
  eden space 16384K, 0% used [0x00000000eab00000,0x00000000eab00000,0x00000000ebb00000)
  from space 2560K, 98% used [0x00000000ebb00000,0x00000000ebd79270,0x00000000ebd80000)
  to   space 2560K, 0% used [0x00000000ecd80000,0x00000000ecd80000,0x00000000ed000000)
 ParOldGen       total 44032K, used 1069K [0x00000000c0000000, 0x00000000c2b00000, 0x00000000eab00000)
  object space 44032K, 2% used [0x00000000c0000000,0x00000000c010b6b8,0x00000000c2b00000)
 Metaspace       used 5586K, capacity 6576K, committed 6784K, reserved 1056768K
  class space    used 593K, capacity 616K, committed 640K, reserved 1048576K
}
Event: 2.043 GC heap before
{Heap before GC invocations=2 (full 0):
 PSYoungGen      total 18944K, used 18916K [0x00000000eab00000, 0x00000000ed000000, 0x0000000100000000)
  eden space 16384K, 100% used [0x00000000eab00000,0x00000000ebb00000,0x00000000ebb00000)
  from space 2560K, 98% used [0x00000000ebb00000,0x00000000ebd79270,0x00000000ebd80000)
  to   space 2560K, 0% used [0x00000000ecd80000,0x00000000ecd80000,0x00000000ed000000)
 ParOldGen       total 44032K, used 1069K [0x00000000c0000000, 0x00000000c2b00000, 0x00000000eab00000)
  object space 44032K, 2% used [0x00000000c0000000,0x00000000c010b6b8,0x00000000c2b00000)
 Metaspace       used 5875K, capacity 6832K, committed 7040K, reserved 1056768K
  class space    used 595K, capacity 616K, committed 640K, reserved 1048576K
Event: 2.966 GC heap after
Heap after GC invocations=2 (full 0):
 PSYoungGen      total 35328K, used 2528K [0x00000000eab00000, 0x00000000ed000000, 0x0000000100000000)
  eden space 32768K, 0% used [0x00000000eab00000,0x00000000eab00000,0x00000000ecb00000)
  from space 2560K, 98% used [0x00000000ecd80000,0x00000000ecff8038,0x00000000ed000000)
  to   space 2560K, 0% used [0x00000000ecb00000,0x00000000ecb00000,0x00000000ecd80000)
 ParOldGen       total 44032K, used 2933K [0x00000000c0000000, 0x00000000c2b00000, 0x00000000eab00000)
  object space 44032K, 6% used [0x00000000c0000000,0x00000000c02dd558,0x00000000c2b00000)
 Metaspace       used 5875K, capacity 6832K, committed 7040K, reserved 1056768K
  class space    used 595K, capacity 616K, committed 640K, reserved 1048576K
}
Event: 3.684 GC heap before
{Heap before GC invocations=3 (full 0):
 PSYoungGen      total 35328K, used 35296K [0x00000000eab00000, 0x00000000ed000000, 0x0000000100000000)
  eden space 32768K, 100% used [0x00000000eab00000,0x00000000ecb00000,0x00000000ecb00000)
  from space 2560K, 98% used [0x00000000ecd80000,0x00000000ecff8038,0x00000000ed000000)
  to   space 2560K, 0% used [0x00000000ecb00000,0x00000000ecb00000,0x00000000ecd80000)
 ParOldGen       total 44032K, used 2933K [0x00000000c0000000, 0x00000000c2b00000, 0x00000000eab00000)
  object space 44032K, 6% used [0x00000000c0000000,0x00000000c02dd558,0x00000000c2b00000)
 Metaspace       used 5986K, capacity 6896K, committed 7040K, reserved 1056768K
  class space    used 596K, capacity 616K, committed 640K, reserved 1048576K
Event: 4.180 GC heap after
Heap after GC invocations=3 (full 0):
 PSYoungGen      total 35328K, used 2556K [0x00000000eab00000, 0x00000000ef000000, 0x0000000100000000)
  eden space 32768K, 0% used [0x00000000eab00000,0x00000000eab00000,0x00000000ecb00000)
  from space 2560K, 99% used [0x00000000ecb00000,0x00000000ecd7f350,0x00000000ecd80000)
  to   space 2560K, 0% used [0x00000000eed80000,0x00000000eed80000,0x00000000ef000000)
 ParOldGen       total 44032K, used 7299K [0x00000000c0000000, 0x00000000c2b00000, 0x00000000eab00000)
  object space 44032K, 16% used [0x00000000c0000000,0x00000000c0720e20,0x00000000c2b00000)
 Metaspace       used 5986K, capacity 6896K, committed 7040K, reserved 1056768K
  class space    used 596K, capacity 616K, committed 640K, reserved 1048576K
}
Event: 4.798 GC heap before
{Heap before GC invocations=4 (full 0):
 PSYoungGen      total 35328K, used 35324K [0x00000000eab00000, 0x00000000ef000000, 0x0000000100000000)
  eden space 32768K, 100% used [0x00000000eab00000,0x00000000ecb00000,0x00000000ecb00000)
  from space 2560K, 99% used [0x00000000ecb00000,0x00000000ecd7f350,0x00000000ecd80000)
  to   space 2560K, 0% used [0x00000000eed80000,0x00000000eed80000,0x00000000ef000000)
 ParOldGen       total 44032K, used 7299K [0x00000000c0000000, 0x00000000c2b00000, 0x00000000eab00000)
  object space 44032K, 16% used [0x00000000c0000000,0x00000000c0720e20,0x00000000c2b00000)
 Metaspace       used 6027K, capacity 6960K, committed 7040K, reserved 1056768K
  class space    used 596K, capacity 616K, committed 640K, reserved 1048576K
Event: 5.034 GC heap after
Heap after GC invocations=4 (full 0):
 PSYoungGen      total 68096K, used 2557K [0x00000000eab00000, 0x00000000ef000000, 0x0000000100000000)
  eden space 65536K, 0% used [0x00000000eab00000,0x00000000eab00000,0x00000000eeb00000)
  from space 2560K, 99% used [0x00000000eed80000,0x00000000eefff638,0x00000000ef000000)
  to   space 2560K, 0% used [0x00000000eeb00000,0x00000000eeb00000,0x00000000eed80000)
 ParOldGen       total 44032K, used 11692K [0x00000000c0000000, 0x00000000c2b00000, 0x00000000eab00000)
  object space 44032K, 26% used [0x00000000c0000000,0x00000000c0b6b168,0x00000000c2b00000)
 Metaspace       used 6027K, capacity 6960K, committed 7040K, reserved 1056768K
  class space    used 596K, capacity 616K, committed 640K, reserved 1048576K
}

Deoptimization events (5 events):
Event: 1.898 Thread 0x0000000056cfe000 Uncommon trap: reason=unstable_if action=reinterpret pc=0x00000000027f7860 method=java.util.BitSet.nextSetBit(I)I @ 87
Event: 1.912 Thread 0x0000000056e28800 Uncommon trap: reason=unstable_if action=reinterpret pc=0x0000000002909a1c method=java.util.HashMap.getNode(ILjava/lang/Object;)Ljava/util/HashMap$Node; @ 129
Event: 1.928 Thread 0x0000000056e28800 Uncommon trap: reason=unstable_if action=reinterpret pc=0x00000000027ee0b0 method=java.util.HashMap.getNode(ILjava/lang/Object;)Ljava/util/HashMap$Node; @ 129
Event: 1.929 Thread 0x0000000056e28800 Uncommon trap: reason=unstable_if action=reinterpret pc=0x000000000296d7f0 method=java.util.BitSet.nextSetBit(I)I @ 87
Event: 3.399 Thread 0x0000000001ece800 Uncommon trap: reason=unstable_if action=reinterpret pc=0x000000000294e34c method=com.android.dx.ssa.SsaMethod.updateOneDefinition(Lcom/android/dx/ssa/SsaInsn;Lcom/android/dx/rop/code/RegisterSpec;)V @ 4

Internal exceptions (2 events):
Event: 0.055 Thread 0x0000000001ece800 Exception <a 'java/lang/NoSuchMethodError': Method sun.misc.Unsafe.defineClass(Ljava/lang/String;[BII)Ljava/lang/Class; name or signature does not match> (0x00000000eab07cc0) thrown at [C:\re\workspace\8-2-build-windows-amd64-cygwin\jdk8u101\7261\hotspot\sÑÔ÷ˆl¬?
Event: 0.056 Thread 0x0000000001ece800 Exception <a 'java/lang/NoSuchMethodError': Method sun.misc.Unsafe.prefetchRead(Ljava/lang/Object;J)V name or signature does not match> (0x00000000eab07fa8) thrown at [C:\re\workspace\8-2-build-windows-amd64-cygwin\jdk8u101\7261\hotspot\src\share\vm\prims\

Events (10 events):
Event: 4.431 Thread 0x0000000056dda000 DEOPT PACKING pc=0x00000000029c521e sp=0x0000000057dce9b0
Event: 4.431 Thread 0x0000000056dda000 DEOPT UNPACKING pc=0x000000000264787f sp=0x0000000057dce718 mode 0
Event: 4.546 Thread 0x0000000056dda000 DEOPT PACKING pc=0x00000000029c521e sp=0x0000000057dce9b0
Event: 4.547 Thread 0x0000000056dda000 DEOPT UNPACKING pc=0x000000000264787f sp=0x0000000057dce718 mode 0
Event: 4.576 Thread 0x0000000056dda000 DEOPT PACKING pc=0x00000000029c521e sp=0x0000000057dce9b0
Event: 4.576 Thread 0x0000000056dda000 DEOPT UNPACKING pc=0x000000000264787f sp=0x0000000057dce718 mode 0
Event: 4.623 Thread 0x0000000056cfe000 DEOPT PACKING pc=0x00000000029c521e sp=0x00000000580ae530
Event: 4.623 Thread 0x0000000056cfe000 DEOPT UNPACKING pc=0x000000000264787f sp=0x00000000580ae298 mode 0
Event: 4.757 Executing VM operation: ParallelGCFailedAllocation
Event: 5.034 Executing VM operation: ParallelGCFailedAllocation done


Dynamic libraries:
0x000000013ff50000 - 0x000000013ff87000 	C:\Program Files\Java\jdk1.8.0_101\bin\java.exe
0x0000000076e00000 - 0x0000000076fa9000 	C:\Windows\SYSTEM32\ntdll.dll
0x0000000076be0000 - 0x0000000076cff000 	C:\Windows\system32\kernel32.dll
0x000007fefce00000 - 0x000007fefce6b000 	C:\Windows\system32\KERNELBASE.dll
0x000007fefe310000 - 0x000007fefe3eb000 	C:\Windows\system32\ADVAPI32.dll
0x000007feff000000 - 0x000007feff09f000 	C:\Windows\system32\msvcrt.dll
0x000007feff0f0000 - 0x000007feff10f000 	C:\Windows\SYSTEM32\sechost.dll
0x000007fefee70000 - 0x000007fefef9d000 	C:\Windows\system32\RPCRT4.dll
0x0000000076d00000 - 0x0000000076dfa000 	C:\Windows\system32\USER32.dll
0x000007fefe2a0000 - 0x000007fefe307000 	C:\Windows\system32\GDI32.dll
0x000007fefe3f0000 - 0x000007fefe3fe000 	C:\Windows\system32\LPK.dll
0x000007fefe760000 - 0x000007fefe829000 	C:\Windows\system32\USP10.dll
0x000007fefb7d0000 - 0x000007fefb9c4000 	C:\Windows\WinSxS\amd64_microsoft.windows.common-controls_6595b64144ccf1df_6.0.7601.17514_none_fa396087175ac9ac\COMCTL32.dll
0x000007fefd120000 - 0x000007fefd191000 	C:\Windows\system32\SHLWAPI.dll
0x000007fefd280000 - 0x000007fefd2ae000 	C:\Windows\system32\IMM32.DLL
0x000007fefd2b0000 - 0x000007fefd3b9000 	C:\Windows\system32\MSCTF.dll
0x00000000739f0000 - 0x0000000073ac2000 	C:\Program Files\Java\jdk1.8.0_101\jre\bin\msvcr100.dll
0x0000000062000000 - 0x000000006289a000 	C:\Program Files\Java\jdk1.8.0_101\jre\bin\server\jvm.dll
0x000007fef83e0000 - 0x000007fef83e9000 	C:\Windows\system32\WSOCK32.dll
0x000007feff0a0000 - 0x000007feff0ed000 	C:\Windows\system32\WS2_32.dll
0x000007fefe290000 - 0x000007fefe298000 	C:\Windows\system32\NSI.dll
0x000007fefab80000 - 0x000007fefabbb000 	C:\Windows\system32\WINMM.dll
0x000007fefbe60000 - 0x000007fefbe6c000 	C:\Windows\system32\VERSION.dll
0x0000000076fc0000 - 0x0000000076fc7000 	C:\Windows\system32\PSAPI.DLL
0x0000000073690000 - 0x000000007369f000 	C:\Program Files\Java\jdk1.8.0_101\jre\bin\verify.dll
0x0000000071e90000 - 0x0000000071eb9000 	C:\Program Files\Java\jdk1.8.0_101\jre\bin\java.dll
0x0000000073670000 - 0x0000000073686000 	C:\Program Files\Java\jdk1.8.0_101\jre\bin\zip.dll
0x000007fefd500000 - 0x000007fefe288000 	C:\Windows\system32\SHELL32.dll
0x000007fefe420000 - 0x000007fefe623000 	C:\Windows\system32\ole32.dll
0x000007fefcd50000 - 0x000007fefcd5f000 	C:\Windows\system32\profapi.dll

VM Arguments:
jvm_args: -Djava.awt.headless=true -Xmx1024M -Dfile.encoding=windows-1252 -Duser.country=BR -Duser.language=pt -Duser.variant 
java_command: com.android.dx.command.Main --dex --force-jumbo --num-threads=4 --output D:\work-mobile\Mapas\app\build\intermediates\pre-dexed\debug\com.google.android.gms-play-services-maps-10.0.0_30152ae56b23052b3adb7f08017a8386b4622447.jar D:\work-mobile\Mapas\app\build\intermediates\exploded-aar\com.google.android.gms\play-services-maps\10.0.0\jars\classes.jar
java_class_path (initial): C:\Users\Tuca\AppData\Local\Android\sdk\build-tools\24.0.1\lib\dx.jar
Launcher Type: SUN_STANDARD

Environment Variables:
JAVA_HOME=C:\Program Files\Java\jdk1.8.0_101
PATH=C:\Program Files\Common Files\Microsoft Shared\Windows Live;C:\Program Files (x86)\Common Files\Microsoft Shared\Windows Live;C:\ProgramData\Oracle\Java\javapath;C:\Program Files (x86)\Intel\iCLS Client\;C:\Program Files\Intel\iCLS Client\;C:\Windows\system32;C:\Windows;C:\Windows\System32\Wbem;C:\Windows\System32\WindowsPowerShell\v1.0\;C:\Program Files\Intel\Intel(R) Management Engine Components\DAL;C:\Program Files\Intel\Intel(R) Management Engine Components\IPT;C:\Program Files (x86)\Intel\Intel(R) Management Engine Components\DAL;C:\Program Files (x86)\Intel\Intel(R) Management Engine Components\IPT;C:\Program Files\Intel\WiFi\bin\;C:\Program Files\Common Files\Intel\WirelessCommon\;C:\Program Files\Git\cmd;C:\Program Files\Git\mingw64\bin;C:\Program Files\Git\usr\bin; C:\Program Files\Java\jdk1.8.0_101;C:\Program Files (x86)\Windows Live\Shared;C:\Program Files\nodejs\;C:\Program Files (x86)\PuTTY\; C:\apache-maven\bin;C:\Users\Tuca\AppData\Local\Android\sdk;C:\Program Files\Intel\WiFi\bin\;C:\Program Files\Common Files\Intel\WirelessCommon\;C:\mongodb\bin;D:\sedna\bin;C:\Users\Tuca\AppData\Roaming\npm;C:\apache-maven\bin;C:\Users\Tuca\.gradle\wrapper\dists\gradle-2.10-all\a4w5fzrkeut1ox71xslb49gst\gradle-2.10\bin
USERNAME=Tuca
OS=Windows_NT
PROCESSOR_IDENTIFIER=Intel64 Family 6 Model 58 Stepping 9, GenuineIntel



---------------  S Y S T E M  ---------------

OS: Windows 7 , 64 bit Build 7601 (6.1.7601.17514)

CPU:total 4 (2 cores per cpu, 2 threads per core) family 6 model 58 stepping 9, cmov, cx8, fxsr, mmx, sse, sse2, sse3, ssse3, sse4.1, sse4.2, popcnt, avx, aes, clmul, erms, ht, tsc, tscinvbit, tscinv

Memory: 4k page, physical 4092776k(113004k free), swap 8233320k(4644k free)

vm_info: Java HotSpot(TM) 64-Bit Server VM (25.101-b13) for windows-amd64 JRE (1.8.0_101-b13), built on Jun 22 2016 01:21:29 by "java_re" with MS VC++ 10.0 (VS2010)

time: Tue Feb 28 01:23:07 2017
elapsed time: 8 seconds (0d 0h 0m 8s)

